<?xml version="1.0" encoding="UTF-8"?>
<!-- Generated by org.testng.reporters.JUnitReportReporter -->
<testsuite hostname="UY-IT00096" failures="0" tests="1" name="acamicaTests.SortFlightResultsTest" time="26.349" errors="0" timestamp="23 Aug 2019 13:14:43 GMT" skipped="0">
  <testcase classname="acamicaTests.SortFlightResultsTest" name="sortFlightResults" time="26.349"/>
</testsuite> <!-- acamicaTests.SortFlightResultsTest -->
