<?xml version="1.0" encoding="UTF-8"?>
<!-- Generated by org.testng.reporters.JUnitReportReporter -->
<testsuite skipped="0" hostname="AS" name="acamicaTests.Exercise1_Test" tests="1" failures="0" timestamp="11 sep 2019 14:39:54 GMT" time="60.555" errors="0">
  <testcase name="Exercise1" time="60.555" classname="acamicaTests.Exercise1_Test"/>
</testsuite> <!-- acamicaTests.Exercise1_Test -->
