<?xml version="1.0" encoding="UTF-8"?>
<!-- Generated by org.testng.reporters.JUnitReportReporter -->
<testsuite skipped="0" hostname="AS" name="acamicaTests.SearchTest" tests="1" failures="0" timestamp="16 ago 2019 21:32:51 GMT" time="138.171" errors="0">
  <testcase name="searchF" time="138.171" classname="acamicaTests.SearchTest"/>
</testsuite> <!-- acamicaTests.SearchTest -->
