<?xml version="1.0" encoding="UTF-8"?>
<!-- Generated by org.testng.reporters.JUnitReportReporter -->
<testsuite skipped="0" hostname="UY-IT00680" name="acamicaTests.Test1" tests="1" failures="0" timestamp="09 oct 2020 13:16:55 GMT" time="88.095" errors="0">
  <testcase name="Exercise1" time="88.095" classname="acamicaTests.Test1"/>
</testsuite> <!-- acamicaTests.Test1 -->
