<?xml version="1.0" encoding="UTF-8"?>
<!-- Generated by org.testng.reporters.JUnitReportReporter -->
<testsuite skipped="0" hostname="AS" name="acamicaTests.SearchTest" tests="1" failures="0" timestamp="16 ago 2019 20:23:11 GMT" time="437.746" errors="0">
  <testcase name="searchF" time="437.746" classname="acamicaTests.SearchTest"/>
</testsuite> <!-- acamicaTests.SearchTest -->
