<?xml version="1.0" encoding="UTF-8"?>
<!-- Generated by org.testng.reporters.JUnitReportReporter -->
<testsuite hostname="UY-IT00096" failures="0" tests="1" name="acamicaTests.SearchFlightTest" time="126.534" errors="0" timestamp="22 Aug 2019 18:51:43 GMT" skipped="0">
  <testcase classname="acamicaTests.SearchFlightTest" name="searchF" time="126.534"/>
</testsuite> <!-- acamicaTests.SearchFlightTest -->
