<?xml version="1.0" encoding="UTF-8"?>
<!-- Generated by org.testng.reporters.JUnitReportReporter -->
<testsuite skipped="0" hostname="UY-IT00680" name="acamicaTests.Test1" tests="1" failures="0" timestamp="22 may 2020 19:30:34 GMT" time="43.130" errors="0">
  <testcase name="Exercise1" time="43.130" classname="acamicaTests.Test1"/>
</testsuite> <!-- acamicaTests.Test1 -->
