<?xml version="1.0" encoding="UTF-8"?>
<!-- Generated by org.testng.reporters.JUnitReportReporter -->
<testsuite hostname="AS" failures="0" tests="1" name="acamicaTests.Exercise1_Test" time="771.754" errors="0" timestamp="11 nov. 2019 20:32:38 GMT" skipped="0">
  <testcase classname="acamicaTests.Exercise1_Test" name="Exercise1" time="771.754"/>
</testsuite> <!-- acamicaTests.Exercise1_Test -->
