<?xml version="1.0" encoding="UTF-8"?>
<!-- Generated by org.testng.reporters.JUnitReportReporter -->
<testsuite skipped="0" hostname="UY-IT00680" name="acamicaTests.Exercise1_Test" tests="1" failures="0" timestamp="11 may 2020 14:49:32 GMT" time="107.283" errors="0">
  <testcase name="Exercise1" time="107.283" classname="acamicaTests.Exercise1_Test"/>
</testsuite> <!-- acamicaTests.Exercise1_Test -->
