<?xml version="1.0" encoding="UTF-8"?>
<!-- Generated by org.testng.reporters.JUnitReportReporter -->
<testsuite hostname="UY-IT00096" failures="0" tests="1" name="acamicaTests.Exercise1_Test" time="138.323" errors="0" timestamp="26 Aug 2019 14:52:27 GMT" skipped="0">
  <testcase classname="acamicaTests.Exercise1_Test" name="searchF" time="138.323"/>
</testsuite> <!-- acamicaTests.Exercise1_Test -->
