<?xml version="1.0" encoding="UTF-8"?>
<!-- Generated by org.testng.reporters.JUnitReportReporter -->
<testsuite hostname="UY-IT00096" failures="0" tests="1" name="acamicaTests.Exercise1_Test" time="213.206" errors="0" timestamp="27 Aug 2019 12:57:00 GMT" skipped="0">
  <testcase classname="acamicaTests.Exercise1_Test" name="Exercise1" time="213.206"/>
</testsuite> <!-- acamicaTests.Exercise1_Test -->
