<?xml version="1.0" encoding="UTF-8"?>
<!-- Generated by org.testng.reporters.JUnitReportReporter -->
<testsuite hostname="UY-IT00096" failures="0" tests="1" name="acamicaTests.SearchTest" time="31.021" errors="0" timestamp="31 Jul 2019 15:06:51 GMT" skipped="0">
  <testcase classname="acamicaTests.SearchTest" name="searchF" time="31.021"/>
</testsuite> <!-- acamicaTests.SearchTest -->
