<?xml version="1.0" encoding="UTF-8"?>
<!-- Generated by org.testng.reporters.JUnitReportReporter -->
<testsuite skipped="0" hostname="AS" name="acamicaTests.SortFlightResultsTest" tests="1" failures="0" timestamp="19 ago 2019 15:37:40 GMT" time="57.569" errors="0">
  <testcase name="sortFlightResults" time="57.569" classname="acamicaTests.SortFlightResultsTest"/>
</testsuite> <!-- acamicaTests.SortFlightResultsTest -->
