<?xml version="1.0" encoding="UTF-8"?>
<!-- Generated by org.testng.reporters.JUnitReportReporter -->
<testsuite skipped="0" hostname="UY-IT00680" name="acamicaTests.Exercise1_Test" tests="1" failures="0" timestamp="06 ene 2020 14:29:07 GMT" time="140.820" errors="0">
  <testcase name="Exercise1" time="140.820" classname="acamicaTests.Exercise1_Test"/>
</testsuite> <!-- acamicaTests.Exercise1_Test -->
