<?xml version="1.0" encoding="UTF-8"?>
<!-- Generated by org.testng.reporters.JUnitReportReporter -->
<testsuite skipped="0" hostname="AS" name="acamicaTests.Exercise1_Test" tests="1" failures="0" timestamp="09 sep 2019 12:46:20 GMT" time="367.977" errors="0">
  <testcase name="Exercise1" time="367.977" classname="acamicaTests.Exercise1_Test"/>
</testsuite> <!-- acamicaTests.Exercise1_Test -->
