<?xml version="1.0" encoding="UTF-8"?>
<!-- Generated by org.testng.reporters.JUnitReportReporter -->
<testsuite hostname="UY-IT00096" failures="0" tests="1" name="acamicaTests.SortFlightResultsTest" time="29.420" errors="0" timestamp="22 Aug 2019 19:08:19 GMT" skipped="0">
  <testcase classname="acamicaTests.SortFlightResultsTest" name="sortFlightResults" time="29.420"/>
</testsuite> <!-- acamicaTests.SortFlightResultsTest -->
