<?xml version="1.0" encoding="UTF-8"?>
<!-- Generated by org.testng.reporters.JUnitReportReporter -->
<testsuite skipped="0" hostname="AS" name="acamicaTests.SearchFlightTest" tests="1" failures="0" timestamp="19 ago 2019 15:37:40 GMT" time="127.037" errors="0">
  <testcase name="searchF" time="127.037" classname="acamicaTests.SearchFlightTest"/>
</testsuite> <!-- acamicaTests.SearchFlightTest -->
